2023-05-15 14:46:50,373 - INFO - Starting thread: Thread-1
2023-05-15 14:46:50,374 - INFO - Starting thread: Thread-2
2023-05-15 14:46:50,374 - INFO - Starting thread: Thread-3
2023-05-15 14:46:50,375 - INFO - Starting thread: Thread-4
2023-05-15 14:46:50,376 - INFO - Starting thread: Thread-5
2023-05-15 14:46:50,376 - INFO - Starting thread: Thread-6
2023-05-15 14:46:50,377 - INFO - Starting thread: Thread-7
2023-05-15 14:46:50,377 - INFO - Starting thread: Thread-8
2023-05-15 14:46:50,378 - INFO - Starting thread: Thread-9
2023-05-15 14:46:50,378 - INFO - Starting thread: Thread-10
2023-05-15 14:46:50,489 - INFO - Connected (version 2.0, client OpenSSH_9.2p1)
2023-05-15 14:46:50,493 - INFO - Connected (version 2.0, client OpenSSH_9.2p1)
2023-05-15 14:46:50,497 - INFO - Connected (version 2.0, client OpenSSH_9.2p1)
2023-05-15 14:46:50,501 - INFO - Connected (version 2.0, client OpenSSH_9.2p1)
2023-05-15 14:46:50,505 - INFO - Connected (version 2.0, client OpenSSH_9.2p1)
2023-05-15 14:46:50,507 - INFO - Connected (version 2.0, client OpenSSH_9.2p1)
2023-05-15 14:46:50,510 - INFO - Connected (version 2.0, client OpenSSH_9.2p1)
2023-05-15 14:46:50,511 - INFO - Connected (version 2.0, client OpenSSH_9.2p1)
2023-05-15 14:46:50,513 - INFO - Connected (version 2.0, client OpenSSH_9.2p1)
2023-05-15 14:46:50,514 - INFO - Connected (version 2.0, client OpenSSH_9.2p1)
2023-05-15 14:46:55,155 - INFO - Authentication (password) failed.
2023-05-15 14:46:55,155 - WARNING - Authentication failed - username: kali, password: as
2023-05-15 14:46:55,155 - INFO - Exiting thread: Thread-7
2023-05-15 14:46:55,173 - INFO - Authentication (password) failed.
2023-05-15 14:46:55,173 - INFO - Authentication (password) failed.
2023-05-15 14:46:55,173 - WARNING - Authentication failed - username: kali, password: dgsag
2023-05-15 14:46:55,173 - INFO - Exiting thread: Thread-2
2023-05-15 14:46:55,174 - INFO - Authentication (password) failed.
2023-05-15 14:46:55,174 - WARNING - Authentication failed - username: kali, password: dg
2023-05-15 14:46:55,174 - WARNING - Authentication failed - username: kali, password: asdg
2023-05-15 14:46:55,174 - INFO - Authentication (password) failed.
2023-05-15 14:46:55,174 - INFO - Exiting thread: Thread-8
2023-05-15 14:46:55,174 - INFO - Authentication (password) failed.
2023-05-15 14:46:55,174 - INFO - Exiting thread: Thread-9
2023-05-15 14:46:55,174 - WARNING - Authentication failed - username: kali, password: ds
2023-05-15 14:46:55,175 - WARNING - Authentication failed - username: kali, password: gad
2023-05-15 14:46:55,175 - INFO - Exiting thread: Thread-10
2023-05-15 14:46:55,175 - INFO - Authentication (password) failed.
2023-05-15 14:46:55,176 - INFO - Authentication (password) failed.
2023-05-15 14:46:55,176 - WARNING - Authentication failed - username: kali, password: f
2023-05-15 14:46:55,176 - INFO - Exiting thread: Thread-5
2023-05-15 14:46:55,176 - INFO - Exiting thread: Thread-6
2023-05-15 14:46:55,176 - WARNING - Authentication failed - username: kali, password: ovds
2023-05-15 14:46:55,176 - INFO - Authentication (password) failed.
2023-05-15 14:46:55,177 - WARNING - Authentication failed - username: kali, password: f
2023-05-15 14:46:55,177 - INFO - Exiting thread: Thread-4
2023-05-15 14:46:55,177 - INFO - Exiting thread: Thread-1
2023-05-15 14:46:55,267 - INFO - Authentication (password) failed.
2023-05-15 14:46:55,267 - WARNING - Authentication failed - username: kali, password: dag
2023-05-15 14:46:55,267 - INFO - Exiting thread: Thread-3
2023-05-15 14:46:55,268 - INFO - Starting thread: Thread-31
2023-05-15 14:46:55,268 - INFO - Starting thread: Thread-32
2023-05-15 14:46:55,268 - INFO - Starting thread: Thread-33
2023-05-15 14:46:55,270 - INFO - Starting thread: Thread-34
2023-05-15 14:46:55,270 - INFO - Starting thread: Thread-36
2023-05-15 14:46:55,270 - INFO - Starting thread: Thread-37
2023-05-15 14:46:55,271 - INFO - Starting thread: Thread-39
2023-05-15 14:46:55,271 - INFO - Starting thread: Thread-42
2023-05-15 14:46:55,273 - INFO - Starting thread: Thread-43
2023-05-15 14:46:55,273 - INFO - Starting thread: Thread-45
2023-05-15 14:46:55,274 - ERROR - Exception (client): Error reading SSH protocol banner[WinError 10053] An established connection was aborted by the software in your host machine
2023-05-15 14:46:55,275 - ERROR - Exception (client): Error reading SSH protocol banner[WinError 10053] An established connection was aborted by the software in your host machine
2023-05-15 14:46:55,276 - ERROR - Exception (client): Error reading SSH protocol banner
2023-05-15 14:46:55,289 - ERROR - Traceback (most recent call last):
2023-05-15 14:46:55,289 - ERROR -   File "C:\Users\orira\PycharmProjects\brute-force-kit\venv\lib\site-packages\paramiko\transport.py", line 2270, in _check_banner
2023-05-15 14:46:55,289 - ERROR -     buf = self.packetizer.readline(timeout)
2023-05-15 14:46:55,289 - ERROR -   File "C:\Users\orira\PycharmProjects\brute-force-kit\venv\lib\site-packages\paramiko\packet.py", line 374, in readline
2023-05-15 14:46:55,289 - ERROR -     buf += self._read_timeout(timeout)
2023-05-15 14:46:55,289 - ERROR -   File "C:\Users\orira\PycharmProjects\brute-force-kit\venv\lib\site-packages\paramiko\packet.py", line 603, in _read_timeout
2023-05-15 14:46:55,289 - ERROR -     raise EOFError()
2023-05-15 14:46:55,289 - ERROR - Traceback (most recent call last):
2023-05-15 14:46:55,289 - ERROR - Traceback (most recent call last):
2023-05-15 14:46:55,289 - ERROR - EOFError
2023-05-15 14:46:55,290 - ERROR - 
2023-05-15 14:46:55,290 - ERROR - During handling of the above exception, another exception occurred:
2023-05-15 14:46:55,290 - ERROR -   File "C:\Users\orira\PycharmProjects\brute-force-kit\venv\lib\site-packages\paramiko\transport.py", line 2270, in _check_banner
2023-05-15 14:46:55,289 - ERROR -   File "C:\Users\orira\PycharmProjects\brute-force-kit\venv\lib\site-packages\paramiko\transport.py", line 2270, in _check_banner
2023-05-15 14:46:55,290 - ERROR - 
2023-05-15 14:46:55,290 - ERROR - Traceback (most recent call last):
2023-05-15 14:46:55,290 - ERROR -   File "C:\Users\orira\PycharmProjects\brute-force-kit\venv\lib\site-packages\paramiko\transport.py", line 2093, in run
2023-05-15 14:46:55,290 - ERROR -     self._check_banner()
2023-05-15 14:46:55,290 - ERROR -     buf = self.packetizer.readline(timeout)
2023-05-15 14:46:55,290 - ERROR -     buf = self.packetizer.readline(timeout)
2023-05-15 14:46:55,290 - ERROR -   File "C:\Users\orira\PycharmProjects\brute-force-kit\venv\lib\site-packages\paramiko\transport.py", line 2274, in _check_banner
2023-05-15 14:46:55,290 - ERROR -   File "C:\Users\orira\PycharmProjects\brute-force-kit\venv\lib\site-packages\paramiko\packet.py", line 374, in readline
2023-05-15 14:46:55,291 - ERROR -   File "C:\Users\orira\PycharmProjects\brute-force-kit\venv\lib\site-packages\paramiko\packet.py", line 374, in readline
2023-05-15 14:46:55,291 - ERROR -     raise SSHException(
2023-05-15 14:46:55,291 - ERROR -     buf += self._read_timeout(timeout)
2023-05-15 14:46:55,291 - ERROR -     buf += self._read_timeout(timeout)
2023-05-15 14:46:55,291 - ERROR - paramiko.ssh_exception.SSHException: Error reading SSH protocol banner
2023-05-15 14:46:55,291 - ERROR -   File "C:\Users\orira\PycharmProjects\brute-force-kit\venv\lib\site-packages\paramiko\packet.py", line 601, in _read_timeout
2023-05-15 14:46:55,291 - ERROR -   File "C:\Users\orira\PycharmProjects\brute-force-kit\venv\lib\site-packages\paramiko\packet.py", line 601, in _read_timeout
2023-05-15 14:46:55,291 - ERROR - 
2023-05-15 14:46:55,291 - ERROR -     x = self.__socket.recv(128)
2023-05-15 14:46:55,292 - ERROR -     x = self.__socket.recv(128)
2023-05-15 14:46:55,292 - ERROR - ConnectionAbortedError: [WinError 10053] An established connection was aborted by the software in your host machine
2023-05-15 14:46:55,292 - ERROR - Error connecting to 192.168.0.180 with username: kali and password: ba: An error occurred while reading SSH protocol banner
2023-05-15 14:46:55,292 - ERROR - ConnectionAbortedError: [WinError 10053] An established connection was aborted by the software in your host machine
2023-05-15 14:46:55,292 - ERROR - 
2023-05-15 14:46:55,292 - INFO - Exiting thread: Thread-43
2023-05-15 14:46:55,292 - ERROR - 
2023-05-15 14:46:55,292 - ERROR - During handling of the above exception, another exception occurred:
2023-05-15 14:46:55,292 - ERROR - During handling of the above exception, another exception occurred:
2023-05-15 14:46:55,293 - ERROR - 
2023-05-15 14:46:55,293 - ERROR - 
2023-05-15 14:46:55,293 - ERROR - Traceback (most recent call last):
2023-05-15 14:46:55,293 - ERROR - Traceback (most recent call last):
2023-05-15 14:46:55,293 - ERROR -   File "C:\Users\orira\PycharmProjects\brute-force-kit\venv\lib\site-packages\paramiko\transport.py", line 2093, in run
2023-05-15 14:46:55,293 - ERROR -   File "C:\Users\orira\PycharmProjects\brute-force-kit\venv\lib\site-packages\paramiko\transport.py", line 2093, in run
2023-05-15 14:46:55,293 - ERROR -     self._check_banner()
2023-05-15 14:46:55,293 - ERROR -     self._check_banner()
2023-05-15 14:46:55,293 - ERROR -   File "C:\Users\orira\PycharmProjects\brute-force-kit\venv\lib\site-packages\paramiko\transport.py", line 2274, in _check_banner
2023-05-15 14:46:55,293 - ERROR -   File "C:\Users\orira\PycharmProjects\brute-force-kit\venv\lib\site-packages\paramiko\transport.py", line 2274, in _check_banner
2023-05-15 14:46:55,293 - ERROR -     raise SSHException(
2023-05-15 14:46:55,293 - ERROR -     raise SSHException(
2023-05-15 14:46:55,293 - ERROR - paramiko.ssh_exception.SSHException: Error reading SSH protocol banner[WinError 10053] An established connection was aborted by the software in your host machine
2023-05-15 14:46:55,293 - ERROR - paramiko.ssh_exception.SSHException: Error reading SSH protocol banner[WinError 10053] An established connection was aborted by the software in your host machine
2023-05-15 14:46:55,293 - ERROR - 
2023-05-15 14:46:55,294 - ERROR - 
2023-05-15 14:46:55,294 - ERROR - Error connecting to 192.168.0.180 with username: kali and password: fb: An error occurred while reading SSH protocol banner
2023-05-15 14:46:55,294 - ERROR - Error connecting to 192.168.0.180 with username: kali and password: df: An error occurred while reading SSH protocol banner
2023-05-15 14:46:55,294 - INFO - Exiting thread: Thread-34
2023-05-15 14:46:55,294 - INFO - Exiting thread: Thread-36
2023-05-15 14:46:55,344 - INFO - Connected (version 2.0, client OpenSSH_9.2p1)
2023-05-15 14:46:55,353 - INFO - Connected (version 2.0, client OpenSSH_9.2p1)
2023-05-15 14:46:55,357 - INFO - Connected (version 2.0, client OpenSSH_9.2p1)
2023-05-15 14:46:55,367 - INFO - Connected (version 2.0, client OpenSSH_9.2p1)
2023-05-15 14:46:55,381 - INFO - Connected (version 2.0, client OpenSSH_9.2p1)
2023-05-15 14:46:55,394 - INFO - Connected (version 2.0, client OpenSSH_9.2p1)
2023-05-15 14:46:55,398 - INFO - Connected (version 2.0, client OpenSSH_9.2p1)
2023-05-15 14:46:57,694 - INFO - Authentication (password) failed.
2023-05-15 14:46:57,695 - WARNING - Authentication failed - username: kali, password: sf
2023-05-15 14:46:57,695 - INFO - Exiting thread: Thread-42
2023-05-15 14:46:57,703 - INFO - Authentication (password) failed.
2023-05-15 14:46:57,704 - WARNING - Authentication failed - username: kali, password: sfb
2023-05-15 14:46:57,704 - INFO - Exiting thread: Thread-45
2023-05-15 14:46:57,729 - INFO - Authentication (password) failed.
2023-05-15 14:46:57,729 - WARNING - Authentication failed - username: kali, password: ad
2023-05-15 14:46:57,729 - INFO - Exiting thread: Thread-33
2023-05-15 14:46:57,733 - INFO - Authentication (password) failed.
2023-05-15 14:46:57,733 - WARNING - Authentication failed - username: kali, password: bd
2023-05-15 14:46:57,734 - INFO - Exiting thread: Thread-37
2023-05-15 14:46:57,737 - INFO - Authentication (password) failed.
2023-05-15 14:46:57,737 - WARNING - Authentication failed - username: kali, password: afb
2023-05-15 14:46:57,738 - INFO - Exiting thread: Thread-39
2023-05-15 14:46:57,779 - INFO - Authentication (password) failed.
2023-05-15 14:46:57,780 - WARNING - Authentication failed - username: kali, password: dfb
2023-05-15 14:46:57,780 - INFO - Exiting thread: Thread-32
2023-05-15 14:46:57,782 - INFO - Authentication (password) failed.
2023-05-15 14:46:57,783 - WARNING - Authentication failed - username: kali, password: f
2023-05-15 14:46:57,783 - INFO - Exiting thread: Thread-31
2023-05-15 14:46:57,784 - INFO - Starting thread: Thread-58
2023-05-15 14:46:57,785 - INFO - Starting thread: Thread-59
2023-05-15 14:46:57,786 - INFO - Starting thread: Thread-60
2023-05-15 14:46:57,787 - INFO - Starting thread: Thread-61
2023-05-15 14:46:57,788 - INFO - Starting thread: Thread-62
2023-05-15 14:46:57,792 - ERROR - Exception (client): Error reading SSH protocol banner[WinError 10053] An established connection was aborted by the software in your host machine
2023-05-15 14:46:57,794 - ERROR - Exception (client): Error reading SSH protocol banner[WinError 10053] An established connection was aborted by the software in your host machine
2023-05-15 14:46:57,795 - ERROR - Traceback (most recent call last):
2023-05-15 14:46:57,795 - ERROR -   File "C:\Users\orira\PycharmProjects\brute-force-kit\venv\lib\site-packages\paramiko\transport.py", line 2270, in _check_banner
2023-05-15 14:46:57,795 - ERROR -     buf = self.packetizer.readline(timeout)
2023-05-15 14:46:57,795 - ERROR -   File "C:\Users\orira\PycharmProjects\brute-force-kit\venv\lib\site-packages\paramiko\packet.py", line 374, in readline
2023-05-15 14:46:57,795 - ERROR -     buf += self._read_timeout(timeout)
2023-05-15 14:46:57,795 - ERROR -   File "C:\Users\orira\PycharmProjects\brute-force-kit\venv\lib\site-packages\paramiko\packet.py", line 601, in _read_timeout
2023-05-15 14:46:57,795 - ERROR -     x = self.__socket.recv(128)
2023-05-15 14:46:57,795 - ERROR - ConnectionAbortedError: [WinError 10053] An established connection was aborted by the software in your host machine
2023-05-15 14:46:57,795 - ERROR - 
2023-05-15 14:46:57,795 - ERROR - During handling of the above exception, another exception occurred:
2023-05-15 14:46:57,795 - ERROR - 
2023-05-15 14:46:57,796 - ERROR - Traceback (most recent call last):
2023-05-15 14:46:57,796 - ERROR - Traceback (most recent call last):
2023-05-15 14:46:57,796 - ERROR -   File "C:\Users\orira\PycharmProjects\brute-force-kit\venv\lib\site-packages\paramiko\transport.py", line 2270, in _check_banner
2023-05-15 14:46:57,796 - ERROR -   File "C:\Users\orira\PycharmProjects\brute-force-kit\venv\lib\site-packages\paramiko\transport.py", line 2093, in run
2023-05-15 14:46:57,796 - ERROR -     buf = self.packetizer.readline(timeout)
2023-05-15 14:46:57,797 - ERROR -     self._check_banner()
2023-05-15 14:46:57,797 - ERROR -   File "C:\Users\orira\PycharmProjects\brute-force-kit\venv\lib\site-packages\paramiko\packet.py", line 374, in readline
2023-05-15 14:46:57,797 - ERROR -   File "C:\Users\orira\PycharmProjects\brute-force-kit\venv\lib\site-packages\paramiko\transport.py", line 2274, in _check_banner
2023-05-15 14:46:57,797 - ERROR -     buf += self._read_timeout(timeout)
2023-05-15 14:46:57,797 - ERROR -     raise SSHException(
2023-05-15 14:46:57,797 - ERROR -   File "C:\Users\orira\PycharmProjects\brute-force-kit\venv\lib\site-packages\paramiko\packet.py", line 601, in _read_timeout
2023-05-15 14:46:57,798 - ERROR - paramiko.ssh_exception.SSHException: Error reading SSH protocol banner[WinError 10053] An established connection was aborted by the software in your host machine
2023-05-15 14:46:57,798 - ERROR -     x = self.__socket.recv(128)
2023-05-15 14:46:57,798 - ERROR - 
2023-05-15 14:46:57,798 - ERROR - ConnectionAbortedError: [WinError 10053] An established connection was aborted by the software in your host machine
2023-05-15 14:46:57,799 - ERROR - Error connecting to 192.168.0.180 with username: kali and password: sdb: An error occurred while reading SSH protocol banner
2023-05-15 14:46:57,799 - ERROR - 
2023-05-15 14:46:57,799 - INFO - Exiting thread: Thread-58
2023-05-15 14:46:57,799 - ERROR - During handling of the above exception, another exception occurred:
2023-05-15 14:46:57,800 - ERROR - 
2023-05-15 14:46:57,800 - ERROR - Traceback (most recent call last):
2023-05-15 14:46:57,800 - ERROR -   File "C:\Users\orira\PycharmProjects\brute-force-kit\venv\lib\site-packages\paramiko\transport.py", line 2093, in run
2023-05-15 14:46:57,800 - ERROR -     self._check_banner()
2023-05-15 14:46:57,800 - ERROR -   File "C:\Users\orira\PycharmProjects\brute-force-kit\venv\lib\site-packages\paramiko\transport.py", line 2274, in _check_banner
2023-05-15 14:46:57,800 - ERROR -     raise SSHException(
2023-05-15 14:46:57,800 - ERROR - paramiko.ssh_exception.SSHException: Error reading SSH protocol banner[WinError 10053] An established connection was aborted by the software in your host machine
2023-05-15 14:46:57,800 - ERROR - 
2023-05-15 14:46:57,800 - ERROR - Error connecting to 192.168.0.180 with username: kali and password: fb: An error occurred while reading SSH protocol banner
2023-05-15 14:46:57,801 - INFO - Exiting thread: Thread-60
2023-05-15 14:46:57,826 - INFO - Connected (version 2.0, client OpenSSH_9.2p1)
2023-05-15 14:46:57,831 - INFO - Connected (version 2.0, client OpenSSH_9.2p1)
2023-05-15 14:46:57,832 - INFO - Connected (version 2.0, client OpenSSH_9.2p1)
2023-05-15 14:46:58,046 - INFO - Authentication (password) successful!
2023-05-15 14:46:58,046 - INFO - Successful login - username: kali, password: kali
2023-05-15 14:46:58,046 - INFO - Exiting thread: Thread-62
2023-05-15 14:47:02,428 - INFO - Authentication (password) failed.
2023-05-15 14:47:02,428 - WARNING - Authentication failed - username: kali, password: d
2023-05-15 14:47:02,429 - INFO - Exiting thread: Thread-59
2023-05-15 14:47:02,430 - INFO - Authentication (password) failed.
2023-05-15 14:47:02,430 - WARNING - Authentication failed - username: kali, password: d
2023-05-15 14:47:02,430 - INFO - Exiting thread: Thread-61
2023-05-15 15:33:38,645 - INFO - Connected (version 2.0, client OpenSSH_9.2p1)
2023-05-15 15:33:38,648 - INFO - Connected (version 2.0, client OpenSSH_9.2p1)
2023-05-15 15:33:38,654 - INFO - Connected (version 2.0, client OpenSSH_9.2p1)
2023-05-15 15:33:38,661 - INFO - Connected (version 2.0, client OpenSSH_9.2p1)
2023-05-15 15:33:38,665 - INFO - Connected (version 2.0, client OpenSSH_9.2p1)
2023-05-15 15:33:38,668 - INFO - Connected (version 2.0, client OpenSSH_9.2p1)
2023-05-15 15:33:38,673 - INFO - Connected (version 2.0, client OpenSSH_9.2p1)
2023-05-15 15:33:38,676 - INFO - Connected (version 2.0, client OpenSSH_9.2p1)
2023-05-15 15:33:38,680 - INFO - Connected (version 2.0, client OpenSSH_9.2p1)
2023-05-15 15:33:38,744 - INFO - Connected (version 2.0, client OpenSSH_9.2p1)
2023-05-15 15:33:41,041 - INFO - Authentication (password) failed.
2023-05-15 15:33:41,041 - WARNING - Authentication failed - username: kali, password: dgsag
2023-05-15 15:33:41,041 - INFO - Authentication (password) failed.
2023-05-15 15:33:41,041 - WARNING - Authentication failed - username: kali, password: as
2023-05-15 15:33:41,042 - INFO - Authentication (password) failed.
2023-05-15 15:33:41,042 - WARNING - Authentication failed - username: kali, password: asdg
2023-05-15 15:33:41,044 - INFO - Authentication (password) failed.
2023-05-15 15:33:41,044 - WARNING - Authentication failed - username: kali, password: f
2023-05-15 15:33:41,044 - INFO - Authentication (password) failed.
2023-05-15 15:33:41,044 - WARNING - Authentication failed - username: kali, password: dg
2023-05-15 15:33:41,045 - INFO - Authentication (password) failed.
2023-05-15 15:33:41,045 - WARNING - Authentication failed - username: kali, password: dag
2023-05-15 15:33:41,051 - INFO - Authentication (password) failed.
2023-05-15 15:33:41,051 - WARNING - Authentication failed - username: kali, password: gad
2023-05-15 15:33:41,057 - INFO - Authentication (password) failed.
2023-05-15 15:33:41,058 - WARNING - Authentication failed - username: kali, password: ds
2023-05-15 15:33:41,089 - INFO - Authentication (password) failed.
2023-05-15 15:33:41,089 - WARNING - Authentication failed - username: kali, password: ovds
2023-05-15 15:33:43,314 - INFO - Authentication (password) failed.
2023-05-15 15:33:43,314 - WARNING - Authentication failed - username: kali, password: f
2023-05-15 15:33:43,321 - ERROR - Exception (client): Error reading SSH protocol banner[WinError 10053] An established connection was aborted by the software in your host machine
2023-05-15 15:33:43,324 - ERROR - Exception (client): Error reading SSH protocol banner[WinError 10053] An established connection was aborted by the software in your host machine
2023-05-15 15:33:43,327 - ERROR - Traceback (most recent call last):
2023-05-15 15:33:43,327 - ERROR -   File "C:\Users\orira\PycharmProjects\brute-force-kit\venv\lib\site-packages\paramiko\transport.py", line 2270, in _check_banner
2023-05-15 15:33:43,327 - ERROR -     buf = self.packetizer.readline(timeout)
2023-05-15 15:33:43,327 - ERROR -   File "C:\Users\orira\PycharmProjects\brute-force-kit\venv\lib\site-packages\paramiko\packet.py", line 374, in readline
2023-05-15 15:33:43,327 - ERROR -     buf += self._read_timeout(timeout)
2023-05-15 15:33:43,327 - ERROR -   File "C:\Users\orira\PycharmProjects\brute-force-kit\venv\lib\site-packages\paramiko\packet.py", line 601, in _read_timeout
2023-05-15 15:33:43,327 - ERROR -     x = self.__socket.recv(128)
2023-05-15 15:33:43,328 - ERROR - ConnectionAbortedError: [WinError 10053] An established connection was aborted by the software in your host machine
2023-05-15 15:33:43,328 - ERROR - 
2023-05-15 15:33:43,328 - ERROR - During handling of the above exception, another exception occurred:
2023-05-15 15:33:43,328 - ERROR - 
2023-05-15 15:33:43,328 - ERROR - Traceback (most recent call last):
2023-05-15 15:33:43,328 - ERROR - Traceback (most recent call last):
2023-05-15 15:33:43,328 - ERROR -   File "C:\Users\orira\PycharmProjects\brute-force-kit\venv\lib\site-packages\paramiko\transport.py", line 2093, in run
2023-05-15 15:33:43,328 - ERROR -   File "C:\Users\orira\PycharmProjects\brute-force-kit\venv\lib\site-packages\paramiko\transport.py", line 2270, in _check_banner
2023-05-15 15:33:43,328 - ERROR -     self._check_banner()
2023-05-15 15:33:43,328 - ERROR -     buf = self.packetizer.readline(timeout)
2023-05-15 15:33:43,328 - ERROR -   File "C:\Users\orira\PycharmProjects\brute-force-kit\venv\lib\site-packages\paramiko\transport.py", line 2274, in _check_banner
2023-05-15 15:33:43,328 - ERROR -   File "C:\Users\orira\PycharmProjects\brute-force-kit\venv\lib\site-packages\paramiko\packet.py", line 374, in readline
2023-05-15 15:33:43,328 - ERROR -     raise SSHException(
2023-05-15 15:33:43,328 - ERROR -     buf += self._read_timeout(timeout)
2023-05-15 15:33:43,329 - ERROR - paramiko.ssh_exception.SSHException: Error reading SSH protocol banner[WinError 10053] An established connection was aborted by the software in your host machine
2023-05-15 15:33:43,329 - ERROR -   File "C:\Users\orira\PycharmProjects\brute-force-kit\venv\lib\site-packages\paramiko\packet.py", line 601, in _read_timeout
2023-05-15 15:33:43,329 - ERROR - 
2023-05-15 15:33:43,329 - ERROR -     x = self.__socket.recv(128)
2023-05-15 15:33:43,329 - ERROR - ConnectionAbortedError: [WinError 10053] An established connection was aborted by the software in your host machine
2023-05-15 15:33:43,329 - ERROR - Error connecting to 192.168.0.180 with username: kali and password: f: An error occurred while reading SSH protocol banner
2023-05-15 15:33:43,329 - ERROR - 
2023-05-15 15:33:43,329 - ERROR - During handling of the above exception, another exception occurred:
2023-05-15 15:33:43,329 - ERROR - 
2023-05-15 15:33:43,329 - ERROR - Traceback (most recent call last):
2023-05-15 15:33:43,329 - ERROR -   File "C:\Users\orira\PycharmProjects\brute-force-kit\venv\lib\site-packages\paramiko\transport.py", line 2093, in run
2023-05-15 15:33:43,329 - ERROR -     self._check_banner()
2023-05-15 15:33:43,329 - ERROR -   File "C:\Users\orira\PycharmProjects\brute-force-kit\venv\lib\site-packages\paramiko\transport.py", line 2274, in _check_banner
2023-05-15 15:33:43,329 - ERROR -     raise SSHException(
2023-05-15 15:33:43,329 - ERROR - paramiko.ssh_exception.SSHException: Error reading SSH protocol banner[WinError 10053] An established connection was aborted by the software in your host machine
2023-05-15 15:33:43,329 - ERROR - 
2023-05-15 15:33:43,330 - ERROR - Error connecting to 192.168.0.180 with username: kali and password: df: An error occurred while reading SSH protocol banner
2023-05-15 15:33:43,358 - ERROR - Exception (client): Error reading SSH protocol banner[WinError 10054] An existing connection was forcibly closed by the remote host
2023-05-15 15:33:43,359 - ERROR - Traceback (most recent call last):
2023-05-15 15:33:43,359 - ERROR -   File "C:\Users\orira\PycharmProjects\brute-force-kit\venv\lib\site-packages\paramiko\transport.py", line 2270, in _check_banner
2023-05-15 15:33:43,359 - ERROR -     buf = self.packetizer.readline(timeout)
2023-05-15 15:33:43,359 - ERROR -   File "C:\Users\orira\PycharmProjects\brute-force-kit\venv\lib\site-packages\paramiko\packet.py", line 374, in readline
2023-05-15 15:33:43,359 - ERROR -     buf += self._read_timeout(timeout)
2023-05-15 15:33:43,359 - ERROR -   File "C:\Users\orira\PycharmProjects\brute-force-kit\venv\lib\site-packages\paramiko\packet.py", line 601, in _read_timeout
2023-05-15 15:33:43,359 - ERROR -     x = self.__socket.recv(128)
2023-05-15 15:33:43,359 - ERROR - ConnectionResetError: [WinError 10054] An existing connection was forcibly closed by the remote host
2023-05-15 15:33:43,359 - ERROR - 
2023-05-15 15:33:43,359 - ERROR - During handling of the above exception, another exception occurred:
2023-05-15 15:33:43,359 - ERROR - 
2023-05-15 15:33:43,359 - ERROR - Traceback (most recent call last):
2023-05-15 15:33:43,359 - ERROR -   File "C:\Users\orira\PycharmProjects\brute-force-kit\venv\lib\site-packages\paramiko\transport.py", line 2093, in run
2023-05-15 15:33:43,359 - ERROR -     self._check_banner()
2023-05-15 15:33:43,359 - ERROR -   File "C:\Users\orira\PycharmProjects\brute-force-kit\venv\lib\site-packages\paramiko\transport.py", line 2274, in _check_banner
2023-05-15 15:33:43,359 - ERROR -     raise SSHException(
2023-05-15 15:33:43,359 - ERROR - paramiko.ssh_exception.SSHException: Error reading SSH protocol banner[WinError 10054] An existing connection was forcibly closed by the remote host
2023-05-15 15:33:43,360 - ERROR - 
2023-05-15 15:33:43,360 - ERROR - Error connecting to 192.168.0.180 with username: kali and password: sfb: An error occurred while reading SSH protocol banner
2023-05-15 15:33:43,393 - INFO - Connected (version 2.0, client OpenSSH_9.2p1)
2023-05-15 15:33:43,397 - INFO - Connected (version 2.0, client OpenSSH_9.2p1)
2023-05-15 15:33:43,407 - INFO - Connected (version 2.0, client OpenSSH_9.2p1)
2023-05-15 15:33:43,412 - INFO - Connected (version 2.0, client OpenSSH_9.2p1)
2023-05-15 15:33:43,419 - INFO - Connected (version 2.0, client OpenSSH_9.2p1)
2023-05-15 15:33:43,429 - INFO - Connected (version 2.0, client OpenSSH_9.2p1)
2023-05-15 15:33:43,474 - INFO - Connected (version 2.0, client OpenSSH_9.2p1)
2023-05-15 15:33:45,754 - INFO - Authentication (password) failed.
2023-05-15 15:33:45,754 - WARNING - Authentication failed - username: kali, password: sf
2023-05-15 15:33:45,766 - INFO - Authentication (password) failed.
2023-05-15 15:33:45,766 - INFO - Authentication (password) failed.
2023-05-15 15:33:45,767 - WARNING - Authentication failed - username: kali, password: afb
2023-05-15 15:33:45,767 - WARNING - Authentication failed - username: kali, password: ba
2023-05-15 15:33:45,774 - INFO - Authentication (password) failed.
2023-05-15 15:33:45,774 - WARNING - Authentication failed - username: kali, password: dfb
2023-05-15 15:33:45,782 - INFO - Authentication (password) failed.
2023-05-15 15:33:45,783 - WARNING - Authentication failed - username: kali, password: ad
2023-05-15 15:33:45,783 - INFO - Authentication (password) failed.
2023-05-15 15:33:45,784 - WARNING - Authentication failed - username: kali, password: bd
2023-05-15 15:33:45,794 - INFO - Authentication (password) failed.
2023-05-15 15:33:45,794 - WARNING - Authentication failed - username: kali, password: fb
2023-05-15 15:33:45,800 - ERROR - Exception (client): Error reading SSH protocol banner[WinError 10053] An established connection was aborted by the software in your host machine
2023-05-15 15:33:45,801 - ERROR - Exception (client): Error reading SSH protocol banner
2023-05-15 15:33:45,802 - ERROR - Traceback (most recent call last):
2023-05-15 15:33:45,802 - ERROR -   File "C:\Users\orira\PycharmProjects\brute-force-kit\venv\lib\site-packages\paramiko\transport.py", line 2270, in _check_banner
2023-05-15 15:33:45,802 - ERROR -     buf = self.packetizer.readline(timeout)
2023-05-15 15:33:45,802 - ERROR -   File "C:\Users\orira\PycharmProjects\brute-force-kit\venv\lib\site-packages\paramiko\packet.py", line 374, in readline
2023-05-15 15:33:45,803 - ERROR -     buf += self._read_timeout(timeout)
2023-05-15 15:33:45,803 - ERROR -   File "C:\Users\orira\PycharmProjects\brute-force-kit\venv\lib\site-packages\paramiko\packet.py", line 601, in _read_timeout
2023-05-15 15:33:45,803 - ERROR -     x = self.__socket.recv(128)
2023-05-15 15:33:45,803 - ERROR - ConnectionAbortedError: [WinError 10053] An established connection was aborted by the software in your host machine
2023-05-15 15:33:45,803 - ERROR - Traceback (most recent call last):
2023-05-15 15:33:45,803 - ERROR - 
2023-05-15 15:33:45,804 - ERROR - Exception (client): Error reading SSH protocol banner[WinError 10053] An established connection was aborted by the software in your host machine
2023-05-15 15:33:45,804 - ERROR -   File "C:\Users\orira\PycharmProjects\brute-force-kit\venv\lib\site-packages\paramiko\transport.py", line 2270, in _check_banner
2023-05-15 15:33:45,804 - ERROR - During handling of the above exception, another exception occurred:
2023-05-15 15:33:45,804 - ERROR -     buf = self.packetizer.readline(timeout)
2023-05-15 15:33:45,805 - ERROR - 
2023-05-15 15:33:45,805 - ERROR -   File "C:\Users\orira\PycharmProjects\brute-force-kit\venv\lib\site-packages\paramiko\packet.py", line 374, in readline
2023-05-15 15:33:45,805 - ERROR - Traceback (most recent call last):
2023-05-15 15:33:45,805 - ERROR - Traceback (most recent call last):
2023-05-15 15:33:45,805 - ERROR -     buf += self._read_timeout(timeout)
2023-05-15 15:33:45,805 - ERROR -   File "C:\Users\orira\PycharmProjects\brute-force-kit\venv\lib\site-packages\paramiko\transport.py", line 2270, in _check_banner
2023-05-15 15:33:45,806 - ERROR -   File "C:\Users\orira\PycharmProjects\brute-force-kit\venv\lib\site-packages\paramiko\transport.py", line 2093, in run
2023-05-15 15:33:45,806 - ERROR -   File "C:\Users\orira\PycharmProjects\brute-force-kit\venv\lib\site-packages\paramiko\packet.py", line 603, in _read_timeout
2023-05-15 15:33:45,806 - ERROR -     buf = self.packetizer.readline(timeout)
2023-05-15 15:33:45,806 - ERROR -     self._check_banner()
2023-05-15 15:33:45,806 - ERROR -     raise EOFError()
2023-05-15 15:33:45,806 - ERROR -   File "C:\Users\orira\PycharmProjects\brute-force-kit\venv\lib\site-packages\paramiko\packet.py", line 374, in readline
2023-05-15 15:33:45,806 - ERROR -   File "C:\Users\orira\PycharmProjects\brute-force-kit\venv\lib\site-packages\paramiko\transport.py", line 2274, in _check_banner
2023-05-15 15:33:45,806 - ERROR - EOFError
2023-05-15 15:33:45,806 - ERROR -     buf += self._read_timeout(timeout)
2023-05-15 15:33:45,807 - ERROR -     raise SSHException(
2023-05-15 15:33:45,807 - ERROR - 
2023-05-15 15:33:45,807 - ERROR -   File "C:\Users\orira\PycharmProjects\brute-force-kit\venv\lib\site-packages\paramiko\packet.py", line 601, in _read_timeout
2023-05-15 15:33:45,807 - ERROR - paramiko.ssh_exception.SSHException: Error reading SSH protocol banner[WinError 10053] An established connection was aborted by the software in your host machine
2023-05-15 15:33:45,807 - ERROR - During handling of the above exception, another exception occurred:
2023-05-15 15:33:45,807 - ERROR -     x = self.__socket.recv(128)
2023-05-15 15:33:45,807 - ERROR - 
2023-05-15 15:33:45,807 - ERROR - 
2023-05-15 15:33:45,807 - ERROR - ConnectionAbortedError: [WinError 10053] An established connection was aborted by the software in your host machine
2023-05-15 15:33:45,808 - ERROR - Traceback (most recent call last):
2023-05-15 15:33:45,808 - ERROR - Error connecting to 192.168.0.180 with username: kali and password: fb: An error occurred while reading SSH protocol banner
2023-05-15 15:33:45,808 - ERROR - 
2023-05-15 15:33:45,808 - ERROR -   File "C:\Users\orira\PycharmProjects\brute-force-kit\venv\lib\site-packages\paramiko\transport.py", line 2093, in run
2023-05-15 15:33:45,808 - ERROR - During handling of the above exception, another exception occurred:
2023-05-15 15:33:45,808 - ERROR -     self._check_banner()
2023-05-15 15:33:45,808 - ERROR - 
2023-05-15 15:33:45,808 - ERROR -   File "C:\Users\orira\PycharmProjects\brute-force-kit\venv\lib\site-packages\paramiko\transport.py", line 2274, in _check_banner
2023-05-15 15:33:45,808 - ERROR - Traceback (most recent call last):
2023-05-15 15:33:45,809 - ERROR -     raise SSHException(
2023-05-15 15:33:45,809 - ERROR -   File "C:\Users\orira\PycharmProjects\brute-force-kit\venv\lib\site-packages\paramiko\transport.py", line 2093, in run
2023-05-15 15:33:45,809 - ERROR - paramiko.ssh_exception.SSHException: Error reading SSH protocol banner
2023-05-15 15:33:45,809 - ERROR -     self._check_banner()
2023-05-15 15:33:45,809 - ERROR - 
2023-05-15 15:33:45,809 - ERROR -   File "C:\Users\orira\PycharmProjects\brute-force-kit\venv\lib\site-packages\paramiko\transport.py", line 2274, in _check_banner
2023-05-15 15:33:45,809 - ERROR -     raise SSHException(
2023-05-15 15:33:45,809 - ERROR - Error connecting to 192.168.0.180 with username: kali and password: d: An error occurred while reading SSH protocol banner
2023-05-15 15:33:45,809 - ERROR - paramiko.ssh_exception.SSHException: Error reading SSH protocol banner[WinError 10053] An established connection was aborted by the software in your host machine
2023-05-15 15:33:45,809 - ERROR - 
2023-05-15 15:33:45,810 - ERROR - Error connecting to 192.168.0.180 with username: kali and password: kali: An error occurred while reading SSH protocol banner
2023-05-15 15:33:45,825 - INFO - Connected (version 2.0, client OpenSSH_9.2p1)
2023-05-15 15:33:45,826 - INFO - Connected (version 2.0, client OpenSSH_9.2p1)
2023-05-15 15:33:50,416 - INFO - Authentication (password) failed.
2023-05-15 15:33:50,417 - WARNING - Authentication failed - username: kali, password: d
2023-05-15 15:33:50,433 - INFO - Authentication (password) failed.
2023-05-15 15:33:50,434 - WARNING - Authentication failed - username: kali, password: sdb
2023-05-15 15:34:42,664 - INFO - Connected (version 2.0, client OpenSSH_9.2p1)
2023-05-15 15:34:42,673 - INFO - Connected (version 2.0, client OpenSSH_9.2p1)
2023-05-15 15:34:42,677 - INFO - Connected (version 2.0, client OpenSSH_9.2p1)
2023-05-15 15:34:42,692 - INFO - Connected (version 2.0, client OpenSSH_9.2p1)
2023-05-15 15:34:42,706 - INFO - Connected (version 2.0, client OpenSSH_9.2p1)
2023-05-15 15:34:42,722 - INFO - Connected (version 2.0, client OpenSSH_9.2p1)
2023-05-15 15:34:42,728 - INFO - Connected (version 2.0, client OpenSSH_9.2p1)
2023-05-15 15:34:42,737 - INFO - Connected (version 2.0, client OpenSSH_9.2p1)
2023-05-15 15:34:42,739 - INFO - Connected (version 2.0, client OpenSSH_9.2p1)
2023-05-15 15:34:42,758 - INFO - Connected (version 2.0, client OpenSSH_9.2p1)
2023-05-15 15:34:45,185 - INFO - Authentication (password) failed.
2023-05-15 15:34:45,185 - WARNING - Authentication failed - username: kali, password: asdg
2023-05-15 15:34:47,321 - INFO - Authentication (password) failed.
2023-05-15 15:34:47,321 - WARNING - Authentication failed - username: kali, password: dgsag
2023-05-15 15:34:47,322 - INFO - Authentication (password) failed.
2023-05-15 15:34:47,322 - WARNING - Authentication failed - username: kali, password: ovds
2023-05-15 15:34:47,328 - INFO - Authentication (password) failed.
2023-05-15 15:34:47,328 - WARNING - Authentication failed - username: kali, password: as
2023-05-15 15:34:47,331 - INFO - Authentication (password) failed.
2023-05-15 15:34:47,331 - WARNING - Authentication failed - username: kali, password: ds
2023-05-15 15:34:47,339 - INFO - Authentication (password) failed.
2023-05-15 15:34:47,339 - WARNING - Authentication failed - username: kali, password: dag
2023-05-15 15:34:47,355 - INFO - Authentication (password) failed.
2023-05-15 15:34:47,356 - WARNING - Authentication failed - username: kali, password: f
2023-05-15 15:34:47,359 - INFO - Authentication (password) failed.
2023-05-15 15:34:47,359 - WARNING - Authentication failed - username: kali, password: dg
2023-05-15 15:34:47,381 - INFO - Authentication (password) failed.
2023-05-15 15:34:47,381 - WARNING - Authentication failed - username: kali, password: f
2023-05-15 15:34:47,413 - INFO - Authentication (password) failed.
2023-05-15 15:34:47,413 - WARNING - Authentication failed - username: kali, password: gad
2023-05-15 15:34:47,458 - ERROR - Exception (client): Error reading SSH protocol banner[WinError 10054] An existing connection was forcibly closed by the remote host
2023-05-15 15:34:47,458 - ERROR - Exception (client): Error reading SSH protocol banner[WinError 10054] An existing connection was forcibly closed by the remote host
2023-05-15 15:34:47,458 - ERROR - Exception (client): Error reading SSH protocol banner[WinError 10054] An existing connection was forcibly closed by the remote host
2023-05-15 15:34:47,462 - ERROR - Traceback (most recent call last):
2023-05-15 15:34:47,462 - ERROR - Traceback (most recent call last):
2023-05-15 15:34:47,462 - ERROR -   File "C:\Users\orira\PycharmProjects\brute-force-kit\venv\lib\site-packages\paramiko\transport.py", line 2270, in _check_banner
2023-05-15 15:34:47,462 - ERROR -   File "C:\Users\orira\PycharmProjects\brute-force-kit\venv\lib\site-packages\paramiko\transport.py", line 2270, in _check_banner
2023-05-15 15:34:47,462 - ERROR -     buf = self.packetizer.readline(timeout)
2023-05-15 15:34:47,462 - ERROR - Traceback (most recent call last):
2023-05-15 15:34:47,462 - ERROR -     buf = self.packetizer.readline(timeout)
2023-05-15 15:34:47,463 - ERROR -   File "C:\Users\orira\PycharmProjects\brute-force-kit\venv\lib\site-packages\paramiko\packet.py", line 374, in readline
2023-05-15 15:34:47,463 - ERROR -   File "C:\Users\orira\PycharmProjects\brute-force-kit\venv\lib\site-packages\paramiko\transport.py", line 2270, in _check_banner
2023-05-15 15:34:47,463 - ERROR -   File "C:\Users\orira\PycharmProjects\brute-force-kit\venv\lib\site-packages\paramiko\packet.py", line 374, in readline
2023-05-15 15:34:47,463 - ERROR -     buf += self._read_timeout(timeout)
2023-05-15 15:34:47,463 - ERROR -     buf = self.packetizer.readline(timeout)
2023-05-15 15:34:47,463 - ERROR -     buf += self._read_timeout(timeout)
2023-05-15 15:34:47,463 - ERROR -   File "C:\Users\orira\PycharmProjects\brute-force-kit\venv\lib\site-packages\paramiko\packet.py", line 601, in _read_timeout
2023-05-15 15:34:47,463 - ERROR -   File "C:\Users\orira\PycharmProjects\brute-force-kit\venv\lib\site-packages\paramiko\packet.py", line 374, in readline
2023-05-15 15:34:47,463 - ERROR -   File "C:\Users\orira\PycharmProjects\brute-force-kit\venv\lib\site-packages\paramiko\packet.py", line 601, in _read_timeout
2023-05-15 15:34:47,463 - ERROR -     x = self.__socket.recv(128)
2023-05-15 15:34:47,463 - ERROR -     buf += self._read_timeout(timeout)
2023-05-15 15:34:47,463 - ERROR -     x = self.__socket.recv(128)
2023-05-15 15:34:47,463 - ERROR - ConnectionResetError: [WinError 10054] An existing connection was forcibly closed by the remote host
2023-05-15 15:34:47,463 - ERROR -   File "C:\Users\orira\PycharmProjects\brute-force-kit\venv\lib\site-packages\paramiko\packet.py", line 601, in _read_timeout
2023-05-15 15:34:47,464 - ERROR - ConnectionResetError: [WinError 10054] An existing connection was forcibly closed by the remote host
2023-05-15 15:34:47,464 - ERROR - 
2023-05-15 15:34:47,464 - ERROR -     x = self.__socket.recv(128)
2023-05-15 15:34:47,464 - ERROR - 
2023-05-15 15:34:47,464 - ERROR - During handling of the above exception, another exception occurred:
2023-05-15 15:34:47,464 - ERROR - ConnectionResetError: [WinError 10054] An existing connection was forcibly closed by the remote host
2023-05-15 15:34:47,464 - ERROR - During handling of the above exception, another exception occurred:
2023-05-15 15:34:47,464 - ERROR - 
2023-05-15 15:34:47,464 - ERROR - 
2023-05-15 15:34:47,464 - ERROR - 
2023-05-15 15:34:47,464 - ERROR - Traceback (most recent call last):
2023-05-15 15:34:47,464 - ERROR - During handling of the above exception, another exception occurred:
2023-05-15 15:34:47,464 - ERROR - Traceback (most recent call last):
2023-05-15 15:34:47,464 - ERROR -   File "C:\Users\orira\PycharmProjects\brute-force-kit\venv\lib\site-packages\paramiko\transport.py", line 2093, in run
2023-05-15 15:34:47,465 - ERROR - 
2023-05-15 15:34:47,465 - ERROR -   File "C:\Users\orira\PycharmProjects\brute-force-kit\venv\lib\site-packages\paramiko\transport.py", line 2093, in run
2023-05-15 15:34:47,465 - ERROR -     self._check_banner()
2023-05-15 15:34:47,465 - ERROR - Traceback (most recent call last):
2023-05-15 15:34:47,465 - ERROR -     self._check_banner()
2023-05-15 15:34:47,465 - ERROR -   File "C:\Users\orira\PycharmProjects\brute-force-kit\venv\lib\site-packages\paramiko\transport.py", line 2274, in _check_banner
2023-05-15 15:34:47,465 - ERROR -   File "C:\Users\orira\PycharmProjects\brute-force-kit\venv\lib\site-packages\paramiko\transport.py", line 2093, in run
2023-05-15 15:34:47,465 - ERROR -   File "C:\Users\orira\PycharmProjects\brute-force-kit\venv\lib\site-packages\paramiko\transport.py", line 2274, in _check_banner
2023-05-15 15:34:47,465 - ERROR -     raise SSHException(
2023-05-15 15:34:47,465 - ERROR -     self._check_banner()
2023-05-15 15:34:47,465 - ERROR -     raise SSHException(
2023-05-15 15:34:47,465 - ERROR - paramiko.ssh_exception.SSHException: Error reading SSH protocol banner[WinError 10054] An existing connection was forcibly closed by the remote host
2023-05-15 15:34:47,465 - ERROR -   File "C:\Users\orira\PycharmProjects\brute-force-kit\venv\lib\site-packages\paramiko\transport.py", line 2274, in _check_banner
2023-05-15 15:34:47,465 - ERROR - paramiko.ssh_exception.SSHException: Error reading SSH protocol banner[WinError 10054] An existing connection was forcibly closed by the remote host
2023-05-15 15:34:47,465 - ERROR - 
2023-05-15 15:34:47,465 - ERROR -     raise SSHException(
2023-05-15 15:34:47,465 - ERROR - 
2023-05-15 15:34:47,465 - ERROR - paramiko.ssh_exception.SSHException: Error reading SSH protocol banner[WinError 10054] An existing connection was forcibly closed by the remote host
2023-05-15 15:34:47,465 - ERROR - Error connecting to 192.168.0.180 with username: kali and password: ba: An error occurred while reading SSH protocol banner
2023-05-15 15:34:47,465 - ERROR - 
2023-05-15 15:34:47,465 - ERROR - Error connecting to 192.168.0.180 with username: kali and password: bd: An error occurred while reading SSH protocol banner
2023-05-15 15:34:47,466 - ERROR - Error connecting to 192.168.0.180 with username: kali and password: sf: An error occurred while reading SSH protocol banner
2023-05-15 15:34:47,489 - INFO - Connected (version 2.0, client OpenSSH_9.2p1)
2023-05-15 15:34:47,492 - INFO - Connected (version 2.0, client OpenSSH_9.2p1)
2023-05-15 15:34:47,497 - INFO - Connected (version 2.0, client OpenSSH_9.2p1)
2023-05-15 15:34:47,503 - INFO - Connected (version 2.0, client OpenSSH_9.2p1)
2023-05-15 15:34:47,521 - INFO - Connected (version 2.0, client OpenSSH_9.2p1)
2023-05-15 15:34:47,527 - INFO - Connected (version 2.0, client OpenSSH_9.2p1)
2023-05-15 15:34:47,561 - INFO - Connected (version 2.0, client OpenSSH_9.2p1)
2023-05-15 15:34:49,837 - INFO - Authentication (password) failed.
2023-05-15 15:34:49,839 - WARNING - Authentication failed - username: kali, password: fb
2023-05-15 15:34:49,854 - INFO - Authentication (password) failed.
2023-05-15 15:34:49,854 - WARNING - Authentication failed - username: kali, password: df
2023-05-15 15:34:49,870 - INFO - Authentication (password) failed.
2023-05-15 15:34:49,871 - INFO - Authentication (password) failed.
2023-05-15 15:34:49,872 - WARNING - Authentication failed - username: kali, password: dfb
2023-05-15 15:34:49,872 - WARNING - Authentication failed - username: kali, password: ad
2023-05-15 15:34:49,873 - INFO - Authentication (password) failed.
2023-05-15 15:34:49,875 - WARNING - Authentication failed - username: kali, password: afb
2023-05-15 15:34:49,878 - INFO - Authentication (password) failed.
2023-05-15 15:34:49,880 - WARNING - Authentication failed - username: kali, password: sfb
2023-05-15 15:34:49,899 - INFO - Authentication (password) failed.
2023-05-15 15:34:49,899 - WARNING - Authentication failed - username: kali, password: f
2023-05-15 15:34:49,909 - ERROR - Exception (client): Error reading SSH protocol banner[WinError 10054] An existing connection was forcibly closed by the remote host
2023-05-15 15:34:49,909 - ERROR - Exception (client): Error reading SSH protocol banner[WinError 10054] An existing connection was forcibly closed by the remote host
2023-05-15 15:34:49,910 - ERROR - Traceback (most recent call last):
2023-05-15 15:34:49,910 - ERROR - Traceback (most recent call last):
2023-05-15 15:34:49,910 - ERROR -   File "C:\Users\orira\PycharmProjects\brute-force-kit\venv\lib\site-packages\paramiko\transport.py", line 2270, in _check_banner
2023-05-15 15:34:49,910 - ERROR -   File "C:\Users\orira\PycharmProjects\brute-force-kit\venv\lib\site-packages\paramiko\transport.py", line 2270, in _check_banner
2023-05-15 15:34:49,911 - ERROR -     buf = self.packetizer.readline(timeout)
2023-05-15 15:34:49,911 - ERROR -     buf = self.packetizer.readline(timeout)
2023-05-15 15:34:49,911 - ERROR -   File "C:\Users\orira\PycharmProjects\brute-force-kit\venv\lib\site-packages\paramiko\packet.py", line 374, in readline
2023-05-15 15:34:49,911 - ERROR -   File "C:\Users\orira\PycharmProjects\brute-force-kit\venv\lib\site-packages\paramiko\packet.py", line 374, in readline
2023-05-15 15:34:49,911 - ERROR -     buf += self._read_timeout(timeout)
2023-05-15 15:34:49,911 - ERROR -     buf += self._read_timeout(timeout)
2023-05-15 15:34:49,912 - ERROR -   File "C:\Users\orira\PycharmProjects\brute-force-kit\venv\lib\site-packages\paramiko\packet.py", line 601, in _read_timeout
2023-05-15 15:34:49,912 - ERROR -   File "C:\Users\orira\PycharmProjects\brute-force-kit\venv\lib\site-packages\paramiko\packet.py", line 601, in _read_timeout
2023-05-15 15:34:49,912 - ERROR -     x = self.__socket.recv(128)
2023-05-15 15:34:49,912 - ERROR -     x = self.__socket.recv(128)
2023-05-15 15:34:49,912 - ERROR - ConnectionResetError: [WinError 10054] An existing connection was forcibly closed by the remote host
2023-05-15 15:34:49,913 - ERROR - ConnectionResetError: [WinError 10054] An existing connection was forcibly closed by the remote host
2023-05-15 15:34:49,913 - ERROR - 
2023-05-15 15:34:49,913 - ERROR - 
2023-05-15 15:34:49,913 - ERROR - During handling of the above exception, another exception occurred:
2023-05-15 15:34:49,913 - ERROR - During handling of the above exception, another exception occurred:
2023-05-15 15:34:49,913 - ERROR - 
2023-05-15 15:34:49,914 - ERROR - 
2023-05-15 15:34:49,914 - ERROR - Traceback (most recent call last):
2023-05-15 15:34:49,914 - ERROR - Traceback (most recent call last):
2023-05-15 15:34:49,914 - ERROR -   File "C:\Users\orira\PycharmProjects\brute-force-kit\venv\lib\site-packages\paramiko\transport.py", line 2093, in run
2023-05-15 15:34:49,914 - ERROR -   File "C:\Users\orira\PycharmProjects\brute-force-kit\venv\lib\site-packages\paramiko\transport.py", line 2093, in run
2023-05-15 15:34:49,914 - ERROR -     self._check_banner()
2023-05-15 15:34:49,915 - ERROR -     self._check_banner()
2023-05-15 15:34:49,915 - ERROR -   File "C:\Users\orira\PycharmProjects\brute-force-kit\venv\lib\site-packages\paramiko\transport.py", line 2274, in _check_banner
2023-05-15 15:34:49,915 - ERROR -   File "C:\Users\orira\PycharmProjects\brute-force-kit\venv\lib\site-packages\paramiko\transport.py", line 2274, in _check_banner
2023-05-15 15:34:49,915 - ERROR -     raise SSHException(
2023-05-15 15:34:49,915 - ERROR -     raise SSHException(
2023-05-15 15:34:49,915 - ERROR - paramiko.ssh_exception.SSHException: Error reading SSH protocol banner[WinError 10054] An existing connection was forcibly closed by the remote host
2023-05-15 15:34:49,915 - ERROR - paramiko.ssh_exception.SSHException: Error reading SSH protocol banner[WinError 10054] An existing connection was forcibly closed by the remote host
2023-05-15 15:34:49,915 - ERROR - 
2023-05-15 15:34:49,915 - ERROR - 
2023-05-15 15:34:49,916 - ERROR - Error connecting to 192.168.0.180 with username: kali and password: d: An error occurred while reading SSH protocol banner
2023-05-15 15:34:49,917 - ERROR - Error connecting to 192.168.0.180 with username: kali and password: kali: An error occurred while reading SSH protocol banner
2023-05-15 15:34:49,943 - INFO - Connected (version 2.0, client OpenSSH_9.2p1)
2023-05-15 15:34:49,945 - INFO - Connected (version 2.0, client OpenSSH_9.2p1)
2023-05-15 15:34:49,954 - INFO - Connected (version 2.0, client OpenSSH_9.2p1)
2023-05-15 15:34:52,277 - INFO - Authentication (password) failed.
2023-05-15 15:34:52,278 - WARNING - Authentication failed - username: kali, password: sdb
2023-05-15 15:34:52,280 - INFO - Authentication (password) failed.
2023-05-15 15:34:52,280 - WARNING - Authentication failed - username: kali, password: fb
2023-05-15 15:34:52,294 - INFO - Authentication (password) failed.
2023-05-15 15:34:52,294 - WARNING - Authentication failed - username: kali, password: d
2023-05-17 12:44:00,614 - WARNING - Authentication failed - username: k, password: k
2023-05-17 12:44:03,315 - WARNING - Authentication failed - username: k, password: a
2023-05-17 12:44:06,418 - WARNING - Authentication failed - username: k, password: l
2023-05-17 12:44:09,265 - WARNING - Authentication failed - username: k, password: i
